# JRE version: Java(TM) SE Runtime Environment (8.0_151-b12) (build 1.8.0_151-b12)
# Java VM: Java HotSpot(TM) 64-Bit Server VM (25.151-b12 mixed mode windows-amd64 compressed oops)
Heap:
 PSYoungGen      total 138240K, used 21239K [0x00000000d5d80000, 0x00000000e0900000, 0x0000000100000000)
  eden space 125952K, 16% used [0x00000000d5d80000,0x00000000d723dfe8,0x00000000dd880000)
  from space 12288K, 0% used [0x00000000dfd00000,0x00000000dfd00000,0x00000000e0900000)
  to   space 10240K, 0% used [0x00000000dd880000,0x00000000dd880000,0x00000000de280000)
 ParOldGen       total 60928K, used 13691K [0x0000000081800000, 0x0000000085380000, 0x00000000d5d80000)
  object space 60928K, 22% used [0x0000000081800000,0x000000008255efa0,0x0000000085380000)
 Metaspace       used 36507K, capacity 38214K, committed 38400K, reserved 1083392K
  class space    used 4750K, capacity 5057K, committed 5120K, reserved 1048576K
GC Heap History (10 events):
Event: 1.285 GC heap before
{Heap before GC invocations=6 (full 1):
 PSYoungGen      total 71680K, used 5104K [0x00000000d5d80000, 0x00000000df380000, 0x0000000100000000)
  eden space 66560K, 0% used [0x00000000d5d80000,0x00000000d5d80000,0x00000000d9e80000)
  from space 5120K, 99% used [0x00000000d9e80000,0x00000000da37c3d8,0x00000000da380000)
  to   space 10240K, 0% used [0x00000000de980000,0x00000000de980000,0x00000000df380000)
 ParOldGen       total 87552K, used 5608K [0x0000000081800000, 0x0000000086d80000, 0x00000000d5d80000)
  object space 87552K, 6% used [0x0000000081800000,0x0000000081d7a0f8,0x0000000086d80000)
 Metaspace       used 20538K, capacity 21222K, committed 21296K, reserved 1067008K
  class space    used 2683K, capacity 2884K, committed 2944K, reserved 1048576K
Event: 1.313 GC heap after
Heap after GC invocations=6 (full 1):
 PSYoungGen      total 71680K, used 0K [0x00000000d5d80000, 0x00000000df380000, 0x0000000100000000)
  eden space 66560K, 0% used [0x00000000d5d80000,0x00000000d5d80000,0x00000000d9e80000)
  from space 5120K, 0% used [0x00000000d9e80000,0x00000000d9e80000,0x00000000da380000)
  to   space 10240K, 0% used [0x00000000de980000,0x00000000de980000,0x00000000df380000)
 ParOldGen       total 60928K, used 9206K [0x0000000081800000, 0x0000000085380000, 0x00000000d5d80000)
  object space 60928K, 15% used [0x0000000081800000,0x00000000820fd9d8,0x0000000085380000)
 Metaspace       used 20536K, capacity 21216K, committed 21296K, reserved 1067008K
  class space    used 2682K, capacity 2883K, committed 2944K, reserved 1048576K
}
Event: 1.627 GC heap before
{Heap before GC invocations=7 (full 1):
 PSYoungGen      total 71680K, used 66560K [0x00000000d5d80000, 0x00000000df380000, 0x0000000100000000)
  eden space 66560K, 100% used [0x00000000d5d80000,0x00000000d9e80000,0x00000000d9e80000)
  from space 5120K, 0% used [0x00000000d9e80000,0x00000000d9e80000,0x00000000da380000)
  to   space 10240K, 0% used [0x00000000de980000,0x00000000de980000,0x00000000df380000)
 ParOldGen       total 60928K, used 9206K [0x0000000081800000, 0x0000000085380000, 0x00000000d5d80000)
  object space 60928K, 15% used [0x0000000081800000,0x00000000820fd9d8,0x0000000085380000)
 Metaspace       used 21955K, capacity 22778K, committed 22784K, reserved 1069056K
  class space    used 2854K, capacity 3070K, committed 3072K, reserved 1048576K
Event: 1.632 GC heap after
Heap after GC invocations=7 (full 1):
 PSYoungGen      total 104960K, used 2717K [0x00000000d5d80000, 0x00000000dec80000, 0x0000000100000000)
  eden space 101888K, 0% used [0x00000000d5d80000,0x00000000d5d80000,0x00000000dc100000)
  from space 3072K, 88% used [0x00000000de980000,0x00000000dec274d8,0x00000000dec80000)
  to   space 10240K, 0% used [0x00000000dd880000,0x00000000dd880000,0x00000000de280000)
 ParOldGen       total 60928K, used 9214K [0x0000000081800000, 0x0000000085380000, 0x00000000d5d80000)
  object space 60928K, 15% used [0x0000000081800000,0x00000000820ff9d8,0x0000000085380000)
 Metaspace       used 21955K, capacity 22778K, committed 22784K, reserved 1069056K
  class space    used 2854K, capacity 3070K, committed 3072K, reserved 1048576K
}
Event: 3.008 GC heap before
{Heap before GC invocations=8 (full 1):
 PSYoungGen      total 104960K, used 104586K [0x00000000d5d80000, 0x00000000dec80000, 0x0000000100000000)
  eden space 101888K, 99% used [0x00000000d5d80000,0x00000000dc0fb6c8,0x00000000dc100000)
  from space 3072K, 88% used [0x00000000de980000,0x00000000dec274d8,0x00000000dec80000)
  to   space 10240K, 0% used [0x00000000dd880000,0x00000000dd880000,0x00000000de280000)
 ParOldGen       total 60928K, used 9214K [0x0000000081800000, 0x0000000085380000, 0x00000000d5d80000)
  object space 60928K, 15% used [0x0000000081800000,0x00000000820ff9d8,0x0000000085380000)
 Metaspace       used 29287K, capacity 30910K, committed 31104K, reserved 1077248K
  class space    used 3858K, capacity 4155K, committed 4224K, reserved 1048576K
Event: 3.019 GC heap after
Heap after GC invocations=8 (full 1):
 PSYoungGen      total 136192K, used 10209K [0x00000000d5d80000, 0x00000000e0900000, 0x0000000100000000)
  eden space 125952K, 0% used [0x00000000d5d80000,0x00000000d5d80000,0x00000000dd880000)
  from space 10240K, 99% used [0x00000000dd880000,0x00000000de2785f0,0x00000000de280000)
  to   space 12288K, 0% used [0x00000000dfd00000,0x00000000dfd00000,0x00000000e0900000)
 ParOldGen       total 60928K, used 9919K [0x0000000081800000, 0x0000000085380000, 0x00000000d5d80000)
  object space 60928K, 16% used [0x0000000081800000,0x00000000821aff80,0x0000000085380000)
 Metaspace       used 29287K, capacity 30910K, committed 31104K, reserved 1077248K
  class space    used 3858K, capacity 4155K, committed 4224K, reserved 1048576K
}
Event: 3.443 GC heap before
{Heap before GC invocations=9 (full 1):
 PSYoungGen      total 136192K, used 105355K [0x00000000d5d80000, 0x00000000e0900000, 0x0000000100000000)
  eden space 125952K, 75% used [0x00000000d5d80000,0x00000000dba6a8a0,0x00000000dd880000)
  from space 10240K, 99% used [0x00000000dd880000,0x00000000de2785f0,0x00000000de280000)
  to   space 12288K, 0% used [0x00000000dfd00000,0x00000000dfd00000,0x00000000e0900000)
 ParOldGen       total 60928K, used 9919K [0x0000000081800000, 0x0000000085380000, 0x00000000d5d80000)
  object space 60928K, 16% used [0x0000000081800000,0x00000000821aff80,0x0000000085380000)
 Metaspace       used 33707K, capacity 35320K, committed 35456K, reserved 1079296K
  class space    used 4353K, capacity 4656K, committed 4736K, reserved 1048576K
Event: 3.459 GC heap after
Heap after GC invocations=9 (full 1):
 PSYoungGen      total 138240K, used 9817K [0x00000000d5d80000, 0x00000000e0900000, 0x0000000100000000)
  eden space 125952K, 0% used [0x00000000d5d80000,0x00000000d5d80000,0x00000000dd880000)
  from space 12288K, 79% used [0x00000000dfd00000,0x00000000e0696640,0x00000000e0900000)
  to   space 10240K, 0% used [0x00000000dd880000,0x00000000dd880000,0x00000000de280000)
 ParOldGen       total 60928K, used 9927K [0x0000000081800000, 0x0000000085380000, 0x00000000d5d80000)
  object space 60928K, 16% used [0x0000000081800000,0x00000000821b1f80,0x0000000085380000)
 Metaspace       used 33707K, capacity 35320K, committed 35456K, reserved 1079296K
  class space    used 4353K, capacity 4656K, committed 4736K, reserved 1048576K
}
Event: 3.460 GC heap before
{Heap before GC invocations=10 (full 2):
 PSYoungGen      total 138240K, used 9817K [0x00000000d5d80000, 0x00000000e0900000, 0x0000000100000000)
  eden space 125952K, 0% used [0x00000000d5d80000,0x00000000d5d80000,0x00000000dd880000)
  from space 12288K, 79% used [0x00000000dfd00000,0x00000000e0696640,0x00000000e0900000)
  to   space 10240K, 0% used [0x00000000dd880000,0x00000000dd880000,0x00000000de280000)
 ParOldGen       total 60928K, used 9927K [0x0000000081800000, 0x0000000085380000, 0x00000000d5d80000)
  object space 60928K, 16% used [0x0000000081800000,0x00000000821b1f80,0x0000000085380000)
 Metaspace       used 33707K, capacity 35320K, committed 35456K, reserved 1079296K
  class space    used 4353K, capacity 4656K, committed 4736K, reserved 1048576K
Event: 3.530 GC heap after
Heap after GC invocations=10 (full 2):
 PSYoungGen      total 138240K, used 0K [0x00000000d5d80000, 0x00000000e0900000, 0x0000000100000000)
  eden space 125952K, 0% used [0x00000000d5d80000,0x00000000d5d80000,0x00000000dd880000)
  from space 12288K, 0% used [0x00000000dfd00000,0x00000000dfd00000,0x00000000e0900000)
  to   space 10240K, 0% used [0x00000000dd880000,0x00000000dd880000,0x00000000de280000)
 ParOldGen       total 60928K, used 13691K [0x0000000081800000, 0x0000000085380000, 0x00000000d5d80000)
  object space 60928K, 22% used [0x0000000081800000,0x000000008255efa0,0x0000000085380000)
 Metaspace       used 33707K, capacity 35320K, committed 35456K, reserved 1079296K
  class space    used 4353K, capacity 4656K, committed 4736K, reserved 1048576K
}

