# JRE version: Java(TM) SE Runtime Environment (8.0_151-b12) (build 1.8.0_151-b12)
# Java VM: Java HotSpot(TM) 64-Bit Server VM (25.151-b12 mixed mode windows-amd64 compressed oops)
Heap:
 PSYoungGen      total 136192K, used 11479K [0x00000000d5d80000, 0x00000000df700000, 0x0000000100000000)
  eden space 125952K, 1% used [0x00000000d5d80000,0x00000000d5ebb840,0x00000000dd880000)
  from space 10240K, 99% used [0x00000000dd880000,0x00000000de27a770,0x00000000de280000)
  to   space 12800K, 0% used [0x00000000dea80000,0x00000000dea80000,0x00000000df700000)
 ParOldGen       total 64000K, used 21541K [0x0000000081800000, 0x0000000085680000, 0x00000000d5d80000)
  object space 64000K, 33% used [0x0000000081800000,0x0000000082d094e8,0x0000000085680000)
 Metaspace       used 50948K, capacity 53392K, committed 53632K, reserved 1095680K
  class space    used 7071K, capacity 7502K, committed 7552K, reserved 1048576K
GC Heap History (10 events):
Event: 2.130 GC heap before
{Heap before GC invocations=7 (full 1):
 PSYoungGen      total 71680K, used 66560K [0x00000000d5d80000, 0x00000000df380000, 0x0000000100000000)
  eden space 66560K, 100% used [0x00000000d5d80000,0x00000000d9e80000,0x00000000d9e80000)
  from space 5120K, 0% used [0x00000000d9e80000,0x00000000d9e80000,0x00000000da380000)
  to   space 10240K, 0% used [0x00000000de980000,0x00000000de980000,0x00000000df380000)
 ParOldGen       total 64000K, used 9060K [0x0000000081800000, 0x0000000085680000, 0x00000000d5d80000)
  object space 64000K, 14% used [0x0000000081800000,0x00000000820d91d0,0x0000000085680000)
 Metaspace       used 21927K, capacity 22782K, committed 22784K, reserved 1069056K
  class space    used 2851K, capacity 3070K, committed 3072K, reserved 1048576K
Event: 2.138 GC heap after
Heap after GC invocations=7 (full 1):
 PSYoungGen      total 98304K, used 2667K [0x00000000d5d80000, 0x00000000dec80000, 0x0000000100000000)
  eden space 95232K, 0% used [0x00000000d5d80000,0x00000000d5d80000,0x00000000dba80000)
  from space 3072K, 86% used [0x00000000de980000,0x00000000dec1ad38,0x00000000dec80000)
  to   space 10240K, 0% used [0x00000000dd880000,0x00000000dd880000,0x00000000de280000)
 ParOldGen       total 64000K, used 9068K [0x0000000081800000, 0x0000000085680000, 0x00000000d5d80000)
  object space 64000K, 14% used [0x0000000081800000,0x00000000820db1d0,0x0000000085680000)
 Metaspace       used 21927K, capacity 22782K, committed 22784K, reserved 1069056K
  class space    used 2851K, capacity 3070K, committed 3072K, reserved 1048576K
}
Event: 3.626 GC heap before
{Heap before GC invocations=8 (full 1):
 PSYoungGen      total 98304K, used 97899K [0x00000000d5d80000, 0x00000000dec80000, 0x0000000100000000)
  eden space 95232K, 100% used [0x00000000d5d80000,0x00000000dba80000,0x00000000dba80000)
  from space 3072K, 86% used [0x00000000de980000,0x00000000dec1ad38,0x00000000dec80000)
  to   space 10240K, 0% used [0x00000000dd880000,0x00000000dd880000,0x00000000de280000)
 ParOldGen       total 64000K, used 9068K [0x0000000081800000, 0x0000000085680000, 0x00000000d5d80000)
  object space 64000K, 14% used [0x0000000081800000,0x00000000820db1d0,0x0000000085680000)
 Metaspace       used 29611K, capacity 31362K, committed 31744K, reserved 1077248K
  class space    used 3920K, capacity 4233K, committed 4352K, reserved 1048576K
Event: 3.636 GC heap after
Heap after GC invocations=8 (full 1):
 PSYoungGen      total 136192K, used 10210K [0x00000000d5d80000, 0x00000000df700000, 0x0000000100000000)
  eden space 125952K, 0% used [0x00000000d5d80000,0x00000000d5d80000,0x00000000dd880000)
  from space 10240K, 99% used [0x00000000dd880000,0x00000000de278b98,0x00000000de280000)
  to   space 12800K, 0% used [0x00000000dea80000,0x00000000dea80000,0x00000000df700000)
 ParOldGen       total 64000K, used 10260K [0x0000000081800000, 0x0000000085680000, 0x00000000d5d80000)
  object space 64000K, 16% used [0x0000000081800000,0x0000000082205360,0x0000000085680000)
 Metaspace       used 29611K, capacity 31362K, committed 31744K, reserved 1077248K
  class space    used 3920K, capacity 4233K, committed 4352K, reserved 1048576K
}
Event: 4.223 GC heap before
{Heap before GC invocations=9 (full 1):
 PSYoungGen      total 136192K, used 113270K [0x00000000d5d80000, 0x00000000df700000, 0x0000000100000000)
  eden space 125952K, 81% used [0x00000000d5d80000,0x00000000dc224ff0,0x00000000dd880000)
  from space 10240K, 99% used [0x00000000dd880000,0x00000000de278b98,0x00000000de280000)
  to   space 12800K, 0% used [0x00000000dea80000,0x00000000dea80000,0x00000000df700000)
 ParOldGen       total 64000K, used 10260K [0x0000000081800000, 0x0000000085680000, 0x00000000d5d80000)
  object space 64000K, 16% used [0x0000000081800000,0x0000000082205360,0x0000000085680000)
 Metaspace       used 33596K, capacity 35388K, committed 35456K, reserved 1079296K
  class space    used 4352K, capacity 4670K, committed 4736K, reserved 1048576K
Event: 4.233 GC heap after
Heap after GC invocations=9 (full 1):
 PSYoungGen      total 138752K, used 9738K [0x00000000d5d80000, 0x00000000df700000, 0x0000000100000000)
  eden space 125952K, 0% used [0x00000000d5d80000,0x00000000d5d80000,0x00000000dd880000)
  from space 12800K, 76% used [0x00000000dea80000,0x00000000df4029a0,0x00000000df700000)
  to   space 10240K, 0% used [0x00000000dd880000,0x00000000dd880000,0x00000000de280000)
 ParOldGen       total 64000K, used 10268K [0x0000000081800000, 0x0000000085680000, 0x00000000d5d80000)
  object space 64000K, 16% used [0x0000000081800000,0x0000000082207360,0x0000000085680000)
 Metaspace       used 33596K, capacity 35388K, committed 35456K, reserved 1079296K
  class space    used 4352K, capacity 4670K, committed 4736K, reserved 1048576K
}
Event: 4.233 GC heap before
{Heap before GC invocations=10 (full 2):
 PSYoungGen      total 138752K, used 9738K [0x00000000d5d80000, 0x00000000df700000, 0x0000000100000000)
  eden space 125952K, 0% used [0x00000000d5d80000,0x00000000d5d80000,0x00000000dd880000)
  from space 12800K, 76% used [0x00000000dea80000,0x00000000df4029a0,0x00000000df700000)
  to   space 10240K, 0% used [0x00000000dd880000,0x00000000dd880000,0x00000000de280000)
 ParOldGen       total 64000K, used 10268K [0x0000000081800000, 0x0000000085680000, 0x00000000d5d80000)
  object space 64000K, 16% used [0x0000000081800000,0x0000000082207360,0x0000000085680000)
 Metaspace       used 33596K, capacity 35388K, committed 35456K, reserved 1079296K
  class space    used 4352K, capacity 4670K, committed 4736K, reserved 1048576K
Event: 4.306 GC heap after
Heap after GC invocations=10 (full 2):
 PSYoungGen      total 138752K, used 0K [0x00000000d5d80000, 0x00000000df700000, 0x0000000100000000)
  eden space 125952K, 0% used [0x00000000d5d80000,0x00000000d5d80000,0x00000000dd880000)
  from space 12800K, 0% used [0x00000000dea80000,0x00000000dea80000,0x00000000df700000)
  to   space 10240K, 0% used [0x00000000dd880000,0x00000000dd880000,0x00000000de280000)
 ParOldGen       total 64000K, used 13575K [0x0000000081800000, 0x0000000085680000, 0x00000000d5d80000)
  object space 64000K, 21% used [0x0000000081800000,0x0000000082541c38,0x0000000085680000)
 Metaspace       used 33596K, capacity 35388K, committed 35456K, reserved 1079296K
  class space    used 4352K, capacity 4670K, committed 4736K, reserved 1048576K
}
Event: 6.169 GC heap before
{Heap before GC invocations=11 (full 2):
 PSYoungGen      total 138752K, used 125952K [0x00000000d5d80000, 0x00000000df700000, 0x0000000100000000)
  eden space 125952K, 100% used [0x00000000d5d80000,0x00000000dd880000,0x00000000dd880000)
  from space 12800K, 0% used [0x00000000dea80000,0x00000000dea80000,0x00000000df700000)
  to   space 10240K, 0% used [0x00000000dd880000,0x00000000dd880000,0x00000000de280000)
 ParOldGen       total 64000K, used 13575K [0x0000000081800000, 0x0000000085680000, 0x00000000d5d80000)
  object space 64000K, 21% used [0x0000000081800000,0x0000000082541c38,0x0000000085680000)
 Metaspace       used 50948K, capacity 53392K, committed 53632K, reserved 1095680K
  class space    used 7071K, capacity 7502K, committed 7552K, reserved 1048576K
Event: 6.190 GC heap after
Heap after GC invocations=11 (full 2):
 PSYoungGen      total 136192K, used 10217K [0x00000000d5d80000, 0x00000000df700000, 0x0000000100000000)
  eden space 125952K, 0% used [0x00000000d5d80000,0x00000000d5d80000,0x00000000dd880000)
  from space 10240K, 99% used [0x00000000dd880000,0x00000000de27a770,0x00000000de280000)
  to   space 12800K, 0% used [0x00000000dea80000,0x00000000dea80000,0x00000000df700000)
 ParOldGen       total 64000K, used 21541K [0x0000000081800000, 0x0000000085680000, 0x00000000d5d80000)
  object space 64000K, 33% used [0x0000000081800000,0x0000000082d094e8,0x0000000085680000)
 Metaspace       used 50948K, capacity 53392K, committed 53632K, reserved 1095680K
  class space    used 7071K, capacity 7502K, committed 7552K, reserved 1048576K
}

