# JRE version: Java(TM) SE Runtime Environment (8.0_151-b12) (build 1.8.0_151-b12)
# Java VM: Java HotSpot(TM) 64-Bit Server VM (25.151-b12 mixed mode windows-amd64 compressed oops)
Heap:
 PSYoungGen      total 138240K, used 110482K [0x00000000d5d80000, 0x00000000de980000, 0x0000000100000000)
  eden space 133120K, 82% used [0x00000000d5d80000,0x00000000dc9648c0,0x00000000ddf80000)
  from space 5120K, 0% used [0x00000000ddf80000,0x00000000ddf80000,0x00000000de480000)
  to   space 5120K, 0% used [0x00000000de480000,0x00000000de480000,0x00000000de980000)
 ParOldGen       total 67072K, used 14186K [0x0000000081800000, 0x0000000085980000, 0x00000000d5d80000)
  object space 67072K, 21% used [0x0000000081800000,0x00000000825da840,0x0000000085980000)
 Metaspace       used 46006K, capacity 48231K, committed 48432K, reserved 1091584K
  class space    used 6238K, capacity 6619K, committed 6704K, reserved 1048576K
GC Heap History (10 events):
Event: 1.910 GC heap before
{Heap before GC invocations=5 (full 0):
 PSYoungGen      total 138240K, used 16815K [0x00000000d5d80000, 0x00000000de980000, 0x0000000100000000)
  eden space 133120K, 8% used [0x00000000d5d80000,0x00000000d68ef558,0x00000000ddf80000)
  from space 5120K, 99% used [0x00000000de480000,0x00000000de97c930,0x00000000de980000)
  to   space 5120K, 0% used [0x00000000ddf80000,0x00000000ddf80000,0x00000000de480000)
 ParOldGen       total 87552K, used 7603K [0x0000000081800000, 0x0000000086d80000, 0x00000000d5d80000)
  object space 87552K, 8% used [0x0000000081800000,0x0000000081f6cc18,0x0000000086d80000)
 Metaspace       used 20570K, capacity 21228K, committed 21296K, reserved 1067008K
  class space    used 2670K, capacity 2819K, committed 2864K, reserved 1048576K
Event: 1.919 GC heap after
Heap after GC invocations=5 (full 0):
 PSYoungGen      total 138240K, used 5096K [0x00000000d5d80000, 0x00000000de980000, 0x0000000100000000)
  eden space 133120K, 0% used [0x00000000d5d80000,0x00000000d5d80000,0x00000000ddf80000)
  from space 5120K, 99% used [0x00000000ddf80000,0x00000000de47a1f8,0x00000000de480000)
  to   space 5120K, 0% used [0x00000000de480000,0x00000000de480000,0x00000000de980000)
 ParOldGen       total 87552K, used 7650K [0x0000000081800000, 0x0000000086d80000, 0x00000000d5d80000)
  object space 87552K, 8% used [0x0000000081800000,0x0000000081f78910,0x0000000086d80000)
 Metaspace       used 20570K, capacity 21228K, committed 21296K, reserved 1067008K
  class space    used 2670K, capacity 2819K, committed 2864K, reserved 1048576K
}
Event: 1.919 GC heap before
{Heap before GC invocations=6 (full 1):
 PSYoungGen      total 138240K, used 5096K [0x00000000d5d80000, 0x00000000de980000, 0x0000000100000000)
  eden space 133120K, 0% used [0x00000000d5d80000,0x00000000d5d80000,0x00000000ddf80000)
  from space 5120K, 99% used [0x00000000ddf80000,0x00000000de47a1f8,0x00000000de480000)
  to   space 5120K, 0% used [0x00000000de480000,0x00000000de480000,0x00000000de980000)
 ParOldGen       total 87552K, used 7650K [0x0000000081800000, 0x0000000086d80000, 0x00000000d5d80000)
  object space 87552K, 8% used [0x0000000081800000,0x0000000081f78910,0x0000000086d80000)
 Metaspace       used 20570K, capacity 21228K, committed 21296K, reserved 1067008K
  class space    used 2670K, capacity 2819K, committed 2864K, reserved 1048576K
Event: 1.951 GC heap after
Heap after GC invocations=6 (full 1):
 PSYoungGen      total 138240K, used 0K [0x00000000d5d80000, 0x00000000de980000, 0x0000000100000000)
  eden space 133120K, 0% used [0x00000000d5d80000,0x00000000d5d80000,0x00000000ddf80000)
  from space 5120K, 0% used [0x00000000ddf80000,0x00000000ddf80000,0x00000000de480000)
  to   space 5120K, 0% used [0x00000000de480000,0x00000000de480000,0x00000000de980000)
 ParOldGen       total 48128K, used 5049K [0x0000000081800000, 0x0000000084700000, 0x00000000d5d80000)
  object space 48128K, 10% used [0x0000000081800000,0x0000000081cee540,0x0000000084700000)
 Metaspace       used 20568K, capacity 21222K, committed 21296K, reserved 1067008K
  class space    used 2670K, capacity 2818K, committed 2864K, reserved 1048576K
}
Event: 5.688 GC heap before
{Heap before GC invocations=7 (full 1):
 PSYoungGen      total 138240K, used 133101K [0x00000000d5d80000, 0x00000000de980000, 0x0000000100000000)
  eden space 133120K, 99% used [0x00000000d5d80000,0x00000000ddf7b670,0x00000000ddf80000)
  from space 5120K, 0% used [0x00000000ddf80000,0x00000000ddf80000,0x00000000de480000)
  to   space 5120K, 0% used [0x00000000de480000,0x00000000de480000,0x00000000de980000)
 ParOldGen       total 48128K, used 5049K [0x0000000081800000, 0x0000000084700000, 0x00000000d5d80000)
  object space 48128K, 10% used [0x0000000081800000,0x0000000081cee540,0x0000000084700000)
 Metaspace       used 29306K, capacity 30918K, committed 31152K, reserved 1077248K
  class space    used 3858K, capacity 4155K, committed 4272K, reserved 1048576K
Event: 5.709 GC heap after
Heap after GC invocations=7 (full 1):
 PSYoungGen      total 138240K, used 5108K [0x00000000d5d80000, 0x00000000de980000, 0x0000000100000000)
  eden space 133120K, 0% used [0x00000000d5d80000,0x00000000d5d80000,0x00000000ddf80000)
  from space 5120K, 99% used [0x00000000de480000,0x00000000de97d188,0x00000000de980000)
  to   space 5120K, 0% used [0x00000000ddf80000,0x00000000ddf80000,0x00000000de480000)
 ParOldGen       total 48128K, used 12227K [0x0000000081800000, 0x0000000084700000, 0x00000000d5d80000)
  object space 48128K, 25% used [0x0000000081800000,0x00000000823f0f78,0x0000000084700000)
 Metaspace       used 29306K, capacity 30918K, committed 31152K, reserved 1077248K
  class space    used 3858K, capacity 4155K, committed 4272K, reserved 1048576K
}
Event: 6.573 GC heap before
{Heap before GC invocations=8 (full 1):
 PSYoungGen      total 138240K, used 102334K [0x00000000d5d80000, 0x00000000de980000, 0x0000000100000000)
  eden space 133120K, 73% used [0x00000000d5d80000,0x00000000dbc727c0,0x00000000ddf80000)
  from space 5120K, 99% used [0x00000000de480000,0x00000000de97d188,0x00000000de980000)
  to   space 5120K, 0% used [0x00000000ddf80000,0x00000000ddf80000,0x00000000de480000)
 ParOldGen       total 48128K, used 12227K [0x0000000081800000, 0x0000000084700000, 0x00000000d5d80000)
  object space 48128K, 25% used [0x0000000081800000,0x00000000823f0f78,0x0000000084700000)
 Metaspace       used 33747K, capacity 35393K, committed 35496K, reserved 1081344K
  class space    used 4358K, capacity 4656K, committed 4656K, reserved 1048576K
Event: 6.580 GC heap after
Heap after GC invocations=8 (full 1):
 PSYoungGen      total 138240K, used 5108K [0x00000000d5d80000, 0x00000000de980000, 0x0000000100000000)
  eden space 133120K, 0% used [0x00000000d5d80000,0x00000000d5d80000,0x00000000ddf80000)
  from space 5120K, 99% used [0x00000000ddf80000,0x00000000de47d060,0x00000000de480000)
  to   space 5120K, 0% used [0x00000000de480000,0x00000000de480000,0x00000000de980000)
 ParOldGen       total 48128K, used 16709K [0x0000000081800000, 0x0000000084700000, 0x00000000d5d80000)
  object space 48128K, 34% used [0x0000000081800000,0x00000000828516b8,0x0000000084700000)
 Metaspace       used 33747K, capacity 35393K, committed 35496K, reserved 1081344K
  class space    used 4358K, capacity 4656K, committed 4656K, reserved 1048576K
}
Event: 6.580 GC heap before
{Heap before GC invocations=9 (full 2):
 PSYoungGen      total 138240K, used 5108K [0x00000000d5d80000, 0x00000000de980000, 0x0000000100000000)
  eden space 133120K, 0% used [0x00000000d5d80000,0x00000000d5d80000,0x00000000ddf80000)
  from space 5120K, 99% used [0x00000000ddf80000,0x00000000de47d060,0x00000000de480000)
  to   space 5120K, 0% used [0x00000000de480000,0x00000000de480000,0x00000000de980000)
 ParOldGen       total 48128K, used 16709K [0x0000000081800000, 0x0000000084700000, 0x00000000d5d80000)
  object space 48128K, 34% used [0x0000000081800000,0x00000000828516b8,0x0000000084700000)
 Metaspace       used 33747K, capacity 35393K, committed 35496K, reserved 1081344K
  class space    used 4358K, capacity 4656K, committed 4656K, reserved 1048576K
Event: 6.622 GC heap after
Heap after GC invocations=9 (full 2):
 PSYoungGen      total 138240K, used 0K [0x00000000d5d80000, 0x00000000de980000, 0x0000000100000000)
  eden space 133120K, 0% used [0x00000000d5d80000,0x00000000d5d80000,0x00000000ddf80000)
  from space 5120K, 0% used [0x00000000ddf80000,0x00000000ddf80000,0x00000000de480000)
  to   space 5120K, 0% used [0x00000000de480000,0x00000000de480000,0x00000000de980000)
 ParOldGen       total 67072K, used 14186K [0x0000000081800000, 0x0000000085980000, 0x00000000d5d80000)
  object space 67072K, 21% used [0x0000000081800000,0x00000000825da840,0x0000000085980000)
 Metaspace       used 33747K, capacity 35393K, committed 35496K, reserved 1081344K
  class space    used 4358K, capacity 4656K, committed 4656K, reserved 1048576K
}

